[0.510s] Invoking command in '/home/xinzhizhu/xiaoyuros/chapt8_ws/src/fishbot_description': CONDA_PROMPT_MODIFIER=(ros2_Jupyter_test) PYTHONPATH=/home/xinzhizhu/xiaoyuros/chapt8_ws/build/fishbot_description/prefix_override:/usr/lib/python3/dist-packages/colcon_core/task/python/colcon_distutils_commands:/home/xinzhizhu/xiaoyuros/chapt8_ws/install/fishbot_description/lib/python3.10/site-packages:${PYTHONPATH} /usr/bin/python3 -W ignore:setup.py install is deprecated -W ignore:easy_install command is deprecated setup.py egg_info --egg-base ../../build/fishbot_description build --build-base /home/xinzhizhu/xiaoyuros/chapt8_ws/build/fishbot_description/build install --record /home/xinzhizhu/xiaoyuros/chapt8_ws/build/fishbot_description/install.log --single-version-externally-managed install_data
[0.665s] running egg_info
[0.665s] creating ../../build/fishbot_description/fishbot_description.egg-info
[0.666s] writing ../../build/fishbot_description/fishbot_description.egg-info/PKG-INFO
[0.666s] writing dependency_links to ../../build/fishbot_description/fishbot_description.egg-info/dependency_links.txt
[0.666s] writing entry points to ../../build/fishbot_description/fishbot_description.egg-info/entry_points.txt
[0.666s] writing requirements to ../../build/fishbot_description/fishbot_description.egg-info/requires.txt
[0.667s] writing top-level names to ../../build/fishbot_description/fishbot_description.egg-info/top_level.txt
[0.667s] writing manifest file '../../build/fishbot_description/fishbot_description.egg-info/SOURCES.txt'
[0.668s] reading manifest file '../../build/fishbot_description/fishbot_description.egg-info/SOURCES.txt'
[0.668s] writing manifest file '../../build/fishbot_description/fishbot_description.egg-info/SOURCES.txt'
[0.668s] running build
[0.669s] running build_py
[0.669s] creating /home/xinzhizhu/xiaoyuros/chapt8_ws/build/fishbot_description/build
[0.669s] creating /home/xinzhizhu/xiaoyuros/chapt8_ws/build/fishbot_description/build/lib
[0.669s] creating /home/xinzhizhu/xiaoyuros/chapt8_ws/build/fishbot_description/build/lib/fishbot_description
[0.669s] copying fishbot_description/__init__.py -> /home/xinzhizhu/xiaoyuros/chapt8_ws/build/fishbot_description/build/lib/fishbot_description
[0.669s] running install
[0.670s] running install_lib
[0.670s] creating /home/xinzhizhu/xiaoyuros/chapt8_ws/install/fishbot_description/lib/python3.10/site-packages/fishbot_description
[0.671s] copying /home/xinzhizhu/xiaoyuros/chapt8_ws/build/fishbot_description/build/lib/fishbot_description/__init__.py -> /home/xinzhizhu/xiaoyuros/chapt8_ws/install/fishbot_description/lib/python3.10/site-packages/fishbot_description
[0.671s] byte-compiling /home/xinzhizhu/xiaoyuros/chapt8_ws/install/fishbot_description/lib/python3.10/site-packages/fishbot_description/__init__.py to __init__.cpython-310.pyc
[0.671s] running install_data
[0.671s] creating /home/xinzhizhu/xiaoyuros/chapt8_ws/install/fishbot_description/share/ament_index
[0.671s] creating /home/xinzhizhu/xiaoyuros/chapt8_ws/install/fishbot_description/share/ament_index/resource_index
[0.672s] creating /home/xinzhizhu/xiaoyuros/chapt8_ws/install/fishbot_description/share/ament_index/resource_index/packages
[0.672s] copying resource/fishbot_description -> /home/xinzhizhu/xiaoyuros/chapt8_ws/install/fishbot_description/share/ament_index/resource_index/packages
[0.672s] copying package.xml -> /home/xinzhizhu/xiaoyuros/chapt8_ws/install/fishbot_description/share/fishbot_description
[0.672s] creating /home/xinzhizhu/xiaoyuros/chapt8_ws/install/fishbot_description/share/fishbot_description/launch
[0.672s] copying launch/display_rviz2.launch.py -> /home/xinzhizhu/xiaoyuros/chapt8_ws/install/fishbot_description/share/fishbot_description/launch
[0.672s] creating /home/xinzhizhu/xiaoyuros/chapt8_ws/install/fishbot_description/share/fishbot_description/urdf
[0.672s] copying urdf/fishbot_base.urdf -> /home/xinzhizhu/xiaoyuros/chapt8_ws/install/fishbot_description/share/fishbot_description/urdf
[0.673s] running install_egg_info
[0.674s] Copying ../../build/fishbot_description/fishbot_description.egg-info to /home/xinzhizhu/xiaoyuros/chapt8_ws/install/fishbot_description/lib/python3.10/site-packages/fishbot_description-0.0.0-py3.10.egg-info
[0.674s] running install_scripts
[0.687s] writing list of installed files to '/home/xinzhizhu/xiaoyuros/chapt8_ws/build/fishbot_description/install.log'
[0.700s] Invoked command in '/home/xinzhizhu/xiaoyuros/chapt8_ws/src/fishbot_description' returned '0': CONDA_PROMPT_MODIFIER=(ros2_Jupyter_test) PYTHONPATH=/home/xinzhizhu/xiaoyuros/chapt8_ws/build/fishbot_description/prefix_override:/usr/lib/python3/dist-packages/colcon_core/task/python/colcon_distutils_commands:/home/xinzhizhu/xiaoyuros/chapt8_ws/install/fishbot_description/lib/python3.10/site-packages:${PYTHONPATH} /usr/bin/python3 -W ignore:setup.py install is deprecated -W ignore:easy_install command is deprecated setup.py egg_info --egg-base ../../build/fishbot_description build --build-base /home/xinzhizhu/xiaoyuros/chapt8_ws/build/fishbot_description/build install --record /home/xinzhizhu/xiaoyuros/chapt8_ws/build/fishbot_description/install.log --single-version-externally-managed install_data
