[0.567s] Invoking command in '/home/xinzhizhu/xiaoyuros/chapt8_ws/src/fishbot_description': CONDA_PROMPT_MODIFIER=(ros2_Jupyter_test) PYTHONPATH=/home/xinzhizhu/xiaoyuros/chapt8_ws/build/fishbot_description/prefix_override:/usr/lib/python3/dist-packages/colcon_core/task/python/colcon_distutils_commands:/home/xinzhizhu/xiaoyuros/chapt8_ws/install/fishbot_description/lib/python3.10/site-packages:${PYTHONPATH} /usr/bin/python3 -W ignore:setup.py install is deprecated -W ignore:easy_install command is deprecated setup.py egg_info --egg-base ../../build/fishbot_description build --build-base /home/xinzhizhu/xiaoyuros/chapt8_ws/build/fishbot_description/build install --record /home/xinzhizhu/xiaoyuros/chapt8_ws/build/fishbot_description/install.log --single-version-externally-managed install_data
[0.725s] running egg_info
[0.726s] writing ../../build/fishbot_description/fishbot_description.egg-info/PKG-INFO
[0.726s] writing dependency_links to ../../build/fishbot_description/fishbot_description.egg-info/dependency_links.txt
[0.726s] writing entry points to ../../build/fishbot_description/fishbot_description.egg-info/entry_points.txt
[0.726s] writing requirements to ../../build/fishbot_description/fishbot_description.egg-info/requires.txt
[0.727s] writing top-level names to ../../build/fishbot_description/fishbot_description.egg-info/top_level.txt
[0.728s] reading manifest file '../../build/fishbot_description/fishbot_description.egg-info/SOURCES.txt'
[0.731s] writing manifest file '../../build/fishbot_description/fishbot_description.egg-info/SOURCES.txt'
[0.731s] running build
[0.731s] running build_py
[0.731s] running install
[0.731s] running install_lib
[0.733s] running install_data
[0.733s] copying launch/gazebo.launch.py -> /home/xinzhizhu/xiaoyuros/chapt8_ws/install/fishbot_description/share/fishbot_description/launch
[0.733s] copying urdf/fishbot_gazebo.urdf -> /home/xinzhizhu/xiaoyuros/chapt8_ws/install/fishbot_description/share/fishbot_description/urdf
[0.734s] creating /home/xinzhizhu/xiaoyuros/chapt8_ws/install/fishbot_description/share/fishbot_description/world
[0.734s] copying world/fishbot.world -> /home/xinzhizhu/xiaoyuros/chapt8_ws/install/fishbot_description/share/fishbot_description/world
[0.734s] running install_egg_info
[0.736s] removing '/home/xinzhizhu/xiaoyuros/chapt8_ws/install/fishbot_description/lib/python3.10/site-packages/fishbot_description-0.0.0-py3.10.egg-info' (and everything under it)
[0.738s] Copying ../../build/fishbot_description/fishbot_description.egg-info to /home/xinzhizhu/xiaoyuros/chapt8_ws/install/fishbot_description/lib/python3.10/site-packages/fishbot_description-0.0.0-py3.10.egg-info
[0.738s] running install_scripts
[0.752s] Installing rotate_wheel script to /home/xinzhizhu/xiaoyuros/chapt8_ws/install/fishbot_description/lib/fishbot_description
[0.752s] writing list of installed files to '/home/xinzhizhu/xiaoyuros/chapt8_ws/build/fishbot_description/install.log'
[0.767s] Invoked command in '/home/xinzhizhu/xiaoyuros/chapt8_ws/src/fishbot_description' returned '0': CONDA_PROMPT_MODIFIER=(ros2_Jupyter_test) PYTHONPATH=/home/xinzhizhu/xiaoyuros/chapt8_ws/build/fishbot_description/prefix_override:/usr/lib/python3/dist-packages/colcon_core/task/python/colcon_distutils_commands:/home/xinzhizhu/xiaoyuros/chapt8_ws/install/fishbot_description/lib/python3.10/site-packages:${PYTHONPATH} /usr/bin/python3 -W ignore:setup.py install is deprecated -W ignore:easy_install command is deprecated setup.py egg_info --egg-base ../../build/fishbot_description build --build-base /home/xinzhizhu/xiaoyuros/chapt8_ws/build/fishbot_description/build install --record /home/xinzhizhu/xiaoyuros/chapt8_ws/build/fishbot_description/install.log --single-version-externally-managed install_data
