[0.363s] Invoking command in '/home/xinzhizhu/xiaoyuros/chapt8_ws/src/fishbot_description': CONDA_PROMPT_MODIFIER=(ros2_Jupyter_test) PYTHONPATH=/home/xinzhizhu/xiaoyuros/chapt8_ws/build/fishbot_description/prefix_override:/usr/lib/python3/dist-packages/colcon_core/task/python/colcon_distutils_commands:/home/xinzhizhu/xiaoyuros/chapt8_ws/install/fishbot_description/lib/python3.10/site-packages:${PYTHONPATH} /usr/bin/python3 -W ignore:setup.py install is deprecated -W ignore:easy_install command is deprecated setup.py egg_info --egg-base ../../build/fishbot_description build --build-base /home/xinzhizhu/xiaoyuros/chapt8_ws/build/fishbot_description/build install --record /home/xinzhizhu/xiaoyuros/chapt8_ws/build/fishbot_description/install.log --single-version-externally-managed install_data
[0.499s] running egg_info
[0.500s] writing ../../build/fishbot_description/fishbot_description.egg-info/PKG-INFO
[0.500s] writing dependency_links to ../../build/fishbot_description/fishbot_description.egg-info/dependency_links.txt
[0.501s] writing entry points to ../../build/fishbot_description/fishbot_description.egg-info/entry_points.txt
[0.501s] writing requirements to ../../build/fishbot_description/fishbot_description.egg-info/requires.txt
[0.501s] writing top-level names to ../../build/fishbot_description/fishbot_description.egg-info/top_level.txt
[0.501s] reading manifest file '../../build/fishbot_description/fishbot_description.egg-info/SOURCES.txt'
[0.502s] writing manifest file '../../build/fishbot_description/fishbot_description.egg-info/SOURCES.txt'
[0.502s] running build
[0.502s] running build_py
[0.502s] copying fishbot_description/rotate_wheel.py -> /home/xinzhizhu/xiaoyuros/chapt8_ws/build/fishbot_description/build/lib/fishbot_description
[0.502s] running install
[0.503s] running install_lib
[0.503s] copying /home/xinzhizhu/xiaoyuros/chapt8_ws/build/fishbot_description/build/lib/fishbot_description/rotate_wheel.py -> /home/xinzhizhu/xiaoyuros/chapt8_ws/install/fishbot_description/lib/python3.10/site-packages/fishbot_description
[0.503s] byte-compiling /home/xinzhizhu/xiaoyuros/chapt8_ws/install/fishbot_description/lib/python3.10/site-packages/fishbot_description/rotate_wheel.py to rotate_wheel.cpython-310.pyc
[0.503s] running install_data
[0.503s] running install_egg_info
[0.505s] removing '/home/xinzhizhu/xiaoyuros/chapt8_ws/install/fishbot_description/lib/python3.10/site-packages/fishbot_description-0.0.0-py3.10.egg-info' (and everything under it)
[0.509s] Copying ../../build/fishbot_description/fishbot_description.egg-info to /home/xinzhizhu/xiaoyuros/chapt8_ws/install/fishbot_description/lib/python3.10/site-packages/fishbot_description-0.0.0-py3.10.egg-info
[0.509s] running install_scripts
[0.520s] Installing rotate_wheel script to /home/xinzhizhu/xiaoyuros/chapt8_ws/install/fishbot_description/lib/fishbot_description
[0.521s] writing list of installed files to '/home/xinzhizhu/xiaoyuros/chapt8_ws/build/fishbot_description/install.log'
[0.537s] Invoked command in '/home/xinzhizhu/xiaoyuros/chapt8_ws/src/fishbot_description' returned '0': CONDA_PROMPT_MODIFIER=(ros2_Jupyter_test) PYTHONPATH=/home/xinzhizhu/xiaoyuros/chapt8_ws/build/fishbot_description/prefix_override:/usr/lib/python3/dist-packages/colcon_core/task/python/colcon_distutils_commands:/home/xinzhizhu/xiaoyuros/chapt8_ws/install/fishbot_description/lib/python3.10/site-packages:${PYTHONPATH} /usr/bin/python3 -W ignore:setup.py install is deprecated -W ignore:easy_install command is deprecated setup.py egg_info --egg-base ../../build/fishbot_description build --build-base /home/xinzhizhu/xiaoyuros/chapt8_ws/build/fishbot_description/build install --record /home/xinzhizhu/xiaoyuros/chapt8_ws/build/fishbot_description/install.log --single-version-externally-managed install_data
